<?xml version="1.0" encoding="UTF-8"?>
<testng-results total="2" passed="2" failed="0" skipped="0">
  <reporter-output>
  </reporter-output>
  <suite started-at="2022-07-21T15:50:46Z" name="Default suite" finished-at="2022-07-21T15:50:46Z" duration-ms="43">
    <groups>
    </groups>
    <test started-at="2022-07-21T15:50:46Z" name="Default test" finished-at="2022-07-21T15:50:46Z" duration-ms="43">
      <class name="mavenmig21.mig2Test">
        <test-method signature="DemoTest()[pri:0, instance:mavenmig21.mig2Test@6f19ac19]" started-at="2022-07-21T21:20:46Z" name="DemoTest" finished-at="2022-07-21T21:20:46Z" duration-ms="18" status="PASS">
          <reporter-output>
          </reporter-output>
        </test-method> <!-- DemoTest -->
        <test-method signature="simple()[pri:0, instance:mavenmig21.mig2Test@6f19ac19]" started-at="2022-07-21T21:20:46Z" name="simple" finished-at="2022-07-21T21:20:46Z" duration-ms="2" status="PASS">
          <reporter-output>
          </reporter-output>
        </test-method> <!-- simple -->
      </class> <!-- mavenmig21.mig2Test -->
    </test> <!-- Default test -->
  </suite> <!-- Default suite -->
</testng-results>
