<?xml version="1.0" encoding="UTF-8"?>
<testng-results skipped="0" failed="0" total="3" passed="3">
  <reporter-output>
  </reporter-output>
  <suite name="Surefire suite" duration-ms="67" started-at="2022-07-19T05:15:55Z" finished-at="2022-07-19T05:15:56Z">
    <groups>
    </groups>
    <test name="Surefire test" duration-ms="67" started-at="2022-07-19T05:15:55Z" finished-at="2022-07-19T05:15:56Z">
      <class name="demotestng.Demo1Test">
        <test-method status="PASS" signature="testcase1()[pri:0, instance:demotestng.Demo1Test@100fc185]" name="testcase1" duration-ms="51" started-at="2022-07-19T10:45:55Z" finished-at="2022-07-19T10:45:56Z">
          <reporter-output>
          </reporter-output>
        </test-method> <!-- testcase1 -->
        <test-method status="PASS" signature="testcase2()[pri:0, instance:demotestng.Demo1Test@100fc185]" name="testcase2" duration-ms="1" started-at="2022-07-19T10:45:56Z" finished-at="2022-07-19T10:45:56Z">
          <reporter-output>
          </reporter-output>
        </test-method> <!-- testcase2 -->
      </class> <!-- demotestng.Demo1Test -->
      <class name="demotestng.DemotestngTest">
        <test-method status="PASS" signature="DemoTest()[pri:0, instance:demotestng.DemotestngTest@36d4b5c]" name="DemoTest" duration-ms="0" started-at="2022-07-19T10:45:56Z" finished-at="2022-07-19T10:45:56Z">
          <reporter-output>
          </reporter-output>
        </test-method> <!-- DemoTest -->
      </class> <!-- demotestng.DemotestngTest -->
    </test> <!-- Surefire test -->
  </suite> <!-- Surefire suite -->
</testng-results>
