<?xml version="1.0" encoding="UTF-8"?>
<testng-results total="3" passed="3" failed="0" skipped="0">
  <reporter-output>
  </reporter-output>
  <suite started-at="2022-07-21T16:05:57Z" name="Surefire suite" finished-at="2022-07-21T16:05:57Z" duration-ms="29">
    <groups>
    </groups>
    <test started-at="2022-07-21T16:05:57Z" name="Surefire test" finished-at="2022-07-21T16:05:57Z" duration-ms="29">
      <class name="demotestng.Demo1Test">
        <test-method signature="testcase1()[pri:0, instance:demotestng.Demo1Test@217ed35e]" started-at="2022-07-21T21:35:57Z" name="testcase1" finished-at="2022-07-21T21:35:57Z" duration-ms="11" status="PASS">
          <reporter-output>
          </reporter-output>
        </test-method> <!-- testcase1 -->
        <test-method signature="testcase2()[pri:0, instance:demotestng.Demo1Test@217ed35e]" started-at="2022-07-21T21:35:57Z" name="testcase2" finished-at="2022-07-21T21:35:57Z" duration-ms="1" status="PASS">
          <reporter-output>
          </reporter-output>
        </test-method> <!-- testcase2 -->
      </class> <!-- demotestng.Demo1Test -->
      <class name="demotestng.DemotestngTest">
        <test-method signature="DemoTest()[pri:0, instance:demotestng.DemotestngTest@662ac478]" started-at="2022-07-21T21:35:57Z" name="DemoTest" finished-at="2022-07-21T21:35:57Z" duration-ms="1" status="PASS">
          <reporter-output>
          </reporter-output>
        </test-method> <!-- DemoTest -->
      </class> <!-- demotestng.DemotestngTest -->
    </test> <!-- Surefire test -->
  </suite> <!-- Surefire suite -->
</testng-results>
