<?xml version="1.0" encoding="UTF-8"?>
<testng-results total="1" passed="1" failed="0" skipped="0">
  <reporter-output>
  </reporter-output>
  <suite started-at="2022-07-18T10:28:58Z" name="Default suite" finished-at="2022-07-18T10:28:58Z" duration-ms="24">
    <groups>
    </groups>
    <test started-at="2022-07-18T10:28:58Z" name="Default test" finished-at="2022-07-18T10:28:58Z" duration-ms="24">
      <class name="demotestng.Demo1Test">
        <test-method signature="testcase1()[pri:0, instance:demotestng.Demo1Test@1bd39d3c]" started-at="2022-07-18T15:58:58Z" name="testcase1" finished-at="2022-07-18T15:58:58Z" duration-ms="11" status="PASS">
          <reporter-output>
          </reporter-output>
        </test-method> <!-- testcase1 -->
      </class> <!-- demotestng.Demo1Test -->
    </test> <!-- Default test -->
  </suite> <!-- Default suite -->
</testng-results>
