<?xml version="1.0" encoding="UTF-8"?>
<!-- Generated by org.testng.reporters.JUnitXMLReporter -->
<testsuite hostname="LAPTOP-AFCS0RCN" name="Surefire test" tests="3" failures="0" timestamp="19 Jul 2022 09:29:15 GMT" time="0.067" errors="0">
  <testcase name="testcase1" time="0.053" classname="demotestng.Demo1Test"/>
  <testcase name="testcase2" time="0.0" classname="demotestng.Demo1Test"/>
  <testcase name="DemoTest" time="0.0" classname="demotestng.DemotestngTest"/>
</testsuite> <!-- Surefire test -->
