<?xml version="1.0" encoding="UTF-8"?>
<!-- Generated by org.testng.reporters.JUnitXMLReporter -->
<testsuite hostname="LAPTOP-AFCS0RCN" failures="0" tests="3" name="Surefire test" time="0.029" errors="0" timestamp="21 Jul 2022 16:05:57 GMT">
  <testcase classname="demotestng.Demo1Test" name="testcase1" time="0.011"/>
  <testcase classname="demotestng.Demo1Test" name="testcase2" time="0.001"/>
  <testcase classname="demotestng.DemotestngTest" name="DemoTest" time="0.001"/>
</testsuite> <!-- Surefire test -->
